<?xml version="1.0" encoding="UTF-8"?>
<!-- Generated by org.testng.reporters.JUnitReportReporter -->
<testsuite hostname="Alekh" failures="0" tests="1" name="SomeAutomationScripts.WindowHandle" time="21.239" errors="0" timestamp="11 Oct 2023 07:49:25 GMT" skipped="0">
  <testcase classname="SomeAutomationScripts.WindowHandle" name="windowHandle" time="21.239"/>
</testsuite> <!-- SomeAutomationScripts.WindowHandle -->
