<?xml version="1.0" encoding="UTF-8"?>
<!-- Generated by org.testng.reporters.JUnitReportReporter -->
<testsuite hostname="Alekh" failures="0" tests="1" name="ProductCount" time="123.239" errors="0" timestamp="10 Oct 2023 11:07:01 GMT" skipped="0">
  <testcase classname="ProductCount" name="countTotalProduct" time="123.239"/>
</testsuite> <!-- ProductCount -->
